<?xml version="1.0" encoding="UTF-8"?>
<robot generator="Robot 3.2.2 (Python 3.9.2 on win32)" generated="20210301 14:26:11.317" rpa="false">
<suite id="s1" name="Teste" source="C:\Users\crodsant\Desktop\TestRobotFramework\test\teste.robot">
<test id="s1-t1" name="Scenario: Buy a product">
<kw name="Open chrome" library="web_resource" type="setup">
<kw name="Open Browser" library="SeleniumLibrary">
<doc>Opens a new browser instance to the optional ``url``.</doc>
<arguments>
<arg>${WEBPAGE}</arg>
<arg>chrome</arg>
</arguments>
<msg timestamp="20210301 14:26:11.737" level="INFO">Opening browser 'chrome' to base url 'http://automationpractice.com/index.php'.</msg>
<status status="PASS" starttime="20210301 14:26:11.737" endtime="20210301 14:26:39.974"></status>
</kw>
<status status="PASS" starttime="20210301 14:26:11.737" endtime="20210301 14:26:39.975"></status>
</kw>
<kw name="Given that the User see a product" library="web_resource">
<kw name="Wait Until Element Is Visible" library="SeleniumLibrary">
<doc>Waits until the element ``locator`` is visible.</doc>
<arguments>
<arg>${SEARCHPAGE}</arg>
</arguments>
<status status="PASS" starttime="20210301 14:26:39.976" endtime="20210301 14:26:40.015"></status>
</kw>
<kw name="Input Text" library="SeleniumLibrary">
<doc>Types the given ``text`` into the text field identified by ``locator``.</doc>
<arguments>
<arg>name=search_query</arg>
<arg>${PRODUTO}</arg>
</arguments>
<msg timestamp="20210301 14:26:40.015" level="INFO">Typing text 'blouse' into text field 'name=search_query'.</msg>
<status status="PASS" starttime="20210301 14:26:40.015" endtime="20210301 14:26:40.138"></status>
</kw>
<kw name="Click Element" library="SeleniumLibrary">
<doc>Click the element identified by ``locator``.</doc>
<arguments>
<arg>name=submit_search</arg>
</arguments>
<msg timestamp="20210301 14:26:40.138" level="INFO">Clicking element 'name=submit_search'.</msg>
<status status="PASS" starttime="20210301 14:26:40.138" endtime="20210301 14:26:44.699"></status>
</kw>
<status status="PASS" starttime="20210301 14:26:39.975" endtime="20210301 14:26:44.699"></status>
</kw>
<kw name="When open the page" library="web_resource">
<kw name="Wait Until Element Is Visible" library="SeleniumLibrary">
<doc>Waits until the element ``locator`` is visible.</doc>
<arguments>
<arg>css=#center_column &gt; h1</arg>
</arguments>
<status status="PASS" starttime="20210301 14:26:44.700" endtime="20210301 14:26:44.741"></status>
</kw>
<status status="PASS" starttime="20210301 14:26:44.699" endtime="20210301 14:26:44.741"></status>
</kw>
<kw name="And add to product in cart" library="web_resource">
<kw name="Click Element" library="SeleniumLibrary">
<doc>Click the element identified by ``locator``.</doc>
<arguments>
<arg>xpath=//*[@id="center_column"]/ul/li/div/div[2]/div[2]/a[1]</arg>
</arguments>
<msg timestamp="20210301 14:26:44.742" level="INFO">Clicking element 'xpath=//*[@id="center_column"]/ul/li/div/div[2]/div[2]/a[1]'.</msg>
<status status="PASS" starttime="20210301 14:26:44.742" endtime="20210301 14:26:44.823"></status>
</kw>
<kw name="Wait Until Element Is Visible" library="SeleniumLibrary">
<doc>Waits until the element ``locator`` is visible.</doc>
<arguments>
<arg>xpath=//*[@id="layer_cart"]/div[1]/div[1]/h2/i[@class="icon-ok"]</arg>
</arguments>
<status status="PASS" starttime="20210301 14:26:44.823" endtime="20210301 14:26:45.734"></status>
</kw>
<kw name="Click Link" library="SeleniumLibrary">
<doc>Clicks a link identified by ``locator``.</doc>
<arguments>
<arg>xpath=//*[@id="layer_cart"]/div[1]/div[2]/div[4]/a</arg>
</arguments>
<msg timestamp="20210301 14:26:45.734" level="INFO">Clicking link 'xpath=//*[@id="layer_cart"]/div[1]/div[2]/div[4]/a'.</msg>
<status status="PASS" starttime="20210301 14:26:45.734" endtime="20210301 14:26:47.201"></status>
</kw>
<status status="PASS" starttime="20210301 14:26:44.742" endtime="20210301 14:26:47.202"></status>
</kw>
<status status="PASS" starttime="20210301 14:26:11.736" endtime="20210301 14:26:47.202" critical="yes"></status>
</test>
<doc>Template file for Web scenarios.</doc>
<status status="PASS" starttime="20210301 14:26:11.320" endtime="20210301 14:26:47.204"></status>
</suite>
<statistics>
<total>
<stat pass="1" fail="0">Critical Tests</stat>
<stat pass="1" fail="0">All Tests</stat>
</total>
<tag>
</tag>
<suite>
<stat pass="1" fail="0" id="s1" name="Teste">Teste</stat>
</suite>
</statistics>
<errors>
</errors>
</robot>
