<?xml version="1.0" encoding="UTF-8"?>
<robot generator="Robot 3.2.2 (Python 3.9.2 on win32)" generated="20210301 10:18:46.708" rpa="false">
<suite id="s1" name="Teste" source="C:\Users\crodsant\Desktop\TestRobotFramework\test\teste.robot">
<test id="s1-t1" name="Scenario: Open website juliodelima">
<kw name="Open chrome" library="web_resource" type="setup">
<kw name="Open Browser" library="SeleniumLibrary">
<doc>Opens a new browser instance to the optional ``url``.</doc>
<arguments>
<arg>${WEBPAGE}</arg>
<arg>chrome</arg>
</arguments>
<msg timestamp="20210301 10:18:47.060" level="INFO">Opening browser 'chrome' to base url 'http://www.juliodelima.com.br/taskit/'.</msg>
<status status="PASS" starttime="20210301 10:18:47.060" endtime="20210301 10:19:13.723"></status>
</kw>
<status status="PASS" starttime="20210301 10:18:47.059" endtime="20210301 10:19:13.723"></status>
</kw>
<kw name="Given that the User see SignIn" library="web_resource">
<kw name="Wait Until Element Is Visible" library="SeleniumLibrary">
<doc>Waits until the element ``locator`` is visible.</doc>
<arguments>
<arg>${LOGIN}</arg>
</arguments>
<kw name="Capture Page Screenshot" library="SeleniumLibrary">
<doc>Takes a screenshot of the current page and embeds it into a log file.</doc>
<msg timestamp="20210301 10:19:19.098" level="INFO" html="yes">&lt;/td&gt;&lt;/tr&gt;&lt;tr&gt;&lt;td colspan="3"&gt;&lt;a href="selenium-screenshot-4.png"&gt;&lt;img src="selenium-screenshot-4.png" width="800px"&gt;&lt;/a&gt;</msg>
<status status="PASS" starttime="20210301 10:19:18.754" endtime="20210301 10:19:19.098"></status>
</kw>
<msg timestamp="20210301 10:19:19.101" level="FAIL">Element 'id=Sign in' not visible after 5 seconds.</msg>
<status status="FAIL" starttime="20210301 10:19:13.724" endtime="20210301 10:19:19.101"></status>
</kw>
<status status="FAIL" starttime="20210301 10:19:13.724" endtime="20210301 10:19:19.102"></status>
</kw>
<kw name="Close chrome" library="web_resource" type="teardown">
<kw name="Close Browser" library="SeleniumLibrary">
<doc>Closes the current browser.</doc>
<status status="PASS" starttime="20210301 10:19:19.103" endtime="20210301 10:19:22.230"></status>
</kw>
<status status="PASS" starttime="20210301 10:19:19.102" endtime="20210301 10:19:22.230"></status>
</kw>
<status status="FAIL" starttime="20210301 10:18:47.058" endtime="20210301 10:19:22.231" critical="yes">Element 'id=Sign in' not visible after 5 seconds.</status>
</test>
<doc>Template file for Web scenarios.</doc>
<status status="FAIL" starttime="20210301 10:18:46.711" endtime="20210301 10:19:22.233"></status>
</suite>
<statistics>
<total>
<stat pass="0" fail="1">Critical Tests</stat>
<stat pass="0" fail="1">All Tests</stat>
</total>
<tag>
</tag>
<suite>
<stat pass="0" fail="1" id="s1" name="Teste">Teste</stat>
</suite>
</statistics>
<errors>
</errors>
</robot>
