<?xml version="1.0" encoding="UTF-8"?>
<robot generator="Robot 3.2.2 (Python 3.9.2 on win32)" generated="20210226 18:11:48.301" rpa="false">
<suite id="s1" name="Teste" source="C:\Users\crodsant\IdeaProjects\Nova pasta\test\teste.robot">
<test id="s1-t1" name="Scenario: Open outlook web page">
<kw name="Open chrome" library="web_resource" type="setup">
<kw name="Open Browser" library="SeleniumLibrary">
<doc>Opens a new browser instance to the optional ``url``.</doc>
<arguments>
<arg>${WEBPAGE}</arg>
<arg>chrome</arg>
</arguments>
<msg timestamp="20210226 18:11:48.825" level="INFO">Opening browser 'chrome' to base url 'https://docs.servicenow.com/bundle/paris-application-development/page/build/applications/task/setup-workspace.html'.</msg>
<status status="PASS" starttime="20210226 18:11:48.824" endtime="20210226 18:12:18.809"></status>
</kw>
<status status="PASS" starttime="20210226 18:11:48.823" endtime="20210226 18:12:18.809"></status>
</kw>
<kw name="Given that the User see Login" library="web_resource">
<kw name="Wait Until Element Is Visible" library="SeleniumLibrary">
<doc>Waits until the element ``locator`` is visible.</doc>
<arguments>
<arg>${LOGIN}</arg>
</arguments>
<status status="PASS" starttime="20210226 18:12:18.810" endtime="20210226 18:12:19.767"></status>
</kw>
<status status="PASS" starttime="20210226 18:12:18.810" endtime="20210226 18:12:19.767"></status>
</kw>
<kw name="Close chrome" library="web_resource" type="teardown">
<kw name="Close Browser" library="SeleniumLibrary">
<doc>Closes the current browser.</doc>
<status status="PASS" starttime="20210226 18:12:19.773" endtime="20210226 18:12:24.264"></status>
</kw>
<status status="PASS" starttime="20210226 18:12:19.773" endtime="20210226 18:12:24.264"></status>
</kw>
<status status="PASS" starttime="20210226 18:11:48.818" endtime="20210226 18:12:24.264" critical="yes"></status>
</test>
<doc>Template file for Web scenarios.</doc>
<status status="PASS" starttime="20210226 18:11:48.308" endtime="20210226 18:12:24.265"></status>
</suite>
<statistics>
<total>
<stat pass="1" fail="0">Critical Tests</stat>
<stat pass="1" fail="0">All Tests</stat>
</total>
<tag>
</tag>
<suite>
<stat pass="1" fail="0" id="s1" name="Teste">Teste</stat>
</suite>
</statistics>
<errors>
</errors>
</robot>
